TN:
SF:Button.js
FN:3,(anonymous_0)
FNF:1
FNH:1
FNDA:2,(anonymous_0)
DA:3,1
DA:4,2
LF:2
LH:2
BRF:0
BRH:0
end_of_record
TN:
SF:Counter.js
FN:3,(anonymous_0)
FN:9,(anonymous_1)
FN:10,(anonymous_2)
FNF:3
FNH:3
FNDA:5,(anonymous_0)
FNDA:1,(anonymous_1)
FNDA:1,(anonymous_2)
DA:3,1
DA:4,5
DA:6,5
DA:9,1
DA:10,1
LF:5
LH:5
BRF:0
BRH:0
end_of_record
TN:
SF:TodoList.js
FN:3,(anonymous_0)
FN:7,(anonymous_1)
FN:16,(anonymous_2)
FN:19,(anonymous_3)
FNF:4
FNH:4
FNDA:103881,(anonymous_0)
FNDA:57900,(anonymous_1)
FNDA:51906,(anonymous_2)
FNDA:47310000,(anonymous_3)
DA:3,6
DA:4,103881
DA:5,103881
DA:7,103881
DA:8,57900
DA:9,51900
DA:10,51900
DA:14,103881
DA:16,51906
DA:20,47310000
LF:10
LH:10
BRDA:8,0,0,51900
BRDA:8,0,1,6000
BRF:2
BRH:2
end_of_record
TN:
SF:math.js
FN:1,add
FNF:1
FNH:1
FNDA:1,add
DA:2,1
DA:5,1
LF:2
LH:2
BRF:0
BRH:0
end_of_record
